<?xml version="1.0" encoding="UTF-8"?>
<testng-results ignored="0" total="1" passed="1" failed="0" skipped="0">
  <reporter-output>
  </reporter-output>
  <suite started-at="2023-02-05T20:32:15 IST" name="Default suite" finished-at="2023-02-05T20:32:31 IST" duration-ms="16205">
    <groups>
    </groups>
    <test started-at="2023-02-05T20:32:15 IST" name="Default test" finished-at="2023-02-05T20:32:31 IST" duration-ms="16205">
      <class name="testLayer.Test_LoginPage">
        <test-method is-config="true" signature="openURL()[pri:0, instance:testLayer.Test_LoginPage@644baf4a]" started-at="2023-02-05T20:32:15 IST" name="openURL" finished-at="2023-02-05T20:32:30 IST" duration-ms="15221" status="PASS">
          <reporter-output>
          </reporter-output>
        </test-method> <!-- openURL -->
        <test-method signature="login_cogmento()[pri:0, instance:testLayer.Test_LoginPage@644baf4a]" started-at="2023-02-05T20:32:30 IST" name="login_cogmento" finished-at="2023-02-05T20:32:31 IST" duration-ms="575" status="PASS">
          <reporter-output>
          </reporter-output>
        </test-method> <!-- login_cogmento -->
        <test-method is-config="true" signature="tearDown()[pri:0, instance:testLayer.Test_LoginPage@644baf4a]" started-at="2023-02-05T20:32:31 IST" name="tearDown" finished-at="2023-02-05T20:32:31 IST" duration-ms="283" status="PASS">
          <reporter-output>
          </reporter-output>
        </test-method> <!-- tearDown -->
      </class> <!-- testLayer.Test_LoginPage -->
    </test> <!-- Default test -->
  </suite> <!-- Default suite -->
</testng-results>
